#-----------------------------------------------------------
# Vivado v2016.4 (64-bit)
# SW Build 1756540 on Mon Jan 23 19:11:23 MST 2017
# IP Build 1755317 on Mon Jan 23 20:30:07 MST 2017
# Start of session at: Wed Mar 22 01:26:55 2017
# Process ID: 12888
# Current directory: C:/Users/kerem/Desktop/lab4
# Command line: vivado.exe -gui_launcher_event rodinguilauncherevent4848 C:\Users\kerem\Desktop\lab4\lab4.xpr
# Log file: C:/Users/kerem/Desktop/lab4/vivado.log
# Journal file: C:/Users/kerem/Desktop/lab4\vivado.jou
#-----------------------------------------------------------
start_gui
open_project C:/Users/kerem/Desktop/lab4/lab4.xpr
Scanning sources...
Finished scanning sources
INFO: [IP_Flow 19-234] Refreshing IP repositories
INFO: [IP_Flow 19-1704] No user IP repositories specified
INFO: [IP_Flow 19-2313] Loaded Vivado IP repository 'D:/Vivado/Vivado/2016.4/data/ip'.
exit
INFO: [Common 17-206] Exiting Vivado at Wed Mar 22 01:27:24 2017...
