INFO: [VRFC 10-2263] Analyzing SystemVerilog file "D:/Users/TEMP.PCLABS/Desktop/MIPSLite/MIPSLite.srcs/sources_1/new/dmem.sv" into library xil_defaultlib
INFO: [VRFC 10-311] analyzing module dmem
INFO: [VRFC 10-2263] Analyzing SystemVerilog file "D:/Users/TEMP.PCLABS/Desktop/MIPSLite/MIPSLite.srcs/sources_1/new/imem.sv" into library xil_defaultlib
INFO: [VRFC 10-311] analyzing module imem
INFO: [VRFC 10-2263] Analyzing SystemVerilog file "D:/Users/TEMP.PCLABS/Desktop/MIPSLite/MIPSLite.srcs/sources_1/new/mips.sv" into library xil_defaultlib
INFO: [VRFC 10-311] analyzing module mips
INFO: [VRFC 10-311] analyzing module controller
INFO: [VRFC 10-311] analyzing module maindec
INFO: [VRFC 10-311] analyzing module aludec
INFO: [VRFC 10-311] analyzing module datapath
INFO: [VRFC 10-311] analyzing module regfile
INFO: [VRFC 10-311] analyzing module alu
INFO: [VRFC 10-311] analyzing module adder
INFO: [VRFC 10-311] analyzing module sl2
INFO: [VRFC 10-311] analyzing module signext
INFO: [VRFC 10-311] analyzing module flopr
INFO: [VRFC 10-311] analyzing module mux2
INFO: [VRFC 10-2263] Analyzing SystemVerilog file "D:/Users/TEMP.PCLABS/Desktop/MIPSLite/MIPSLite.srcs/sources_1/new/top.sv" into library xil_defaultlib
INFO: [VRFC 10-311] analyzing module top
INFO: [VRFC 10-2263] Analyzing SystemVerilog file "D:/Users/TEMP.PCLABS/Desktop/MIPSLite/MIPSLite.srcs/sim_1/new/MIPSLiteTest.sv" into library xil_defaultlib
INFO: [VRFC 10-311] analyzing module MIPSLiteTest
INFO: [VRFC 10-2263] Analyzing Verilog file "D:/Users/TEMP.PCLABS/Desktop/MIPSLite/MIPSLite.sim/sim_1/behav/glbl.v" into library xil_defaultlib
INFO: [VRFC 10-311] analyzing module glbl
